<?xml version="1.0" encoding="UTF-8"?>
<!-- Generated by org.testng.reporters.JUnitXMLReporter -->
<testsuite ignored="26" hostname="LAPTOP-JJV1SUU2" failures="0" tests="4" name="Command line test" time="117.478" errors="0" timestamp="2023-10-01T17:28:23 IDT">
  <testcase classname="ProjectAutoMichaelPakin.ProjectRun" name="Test27" time="4.642"/>
  <testcase classname="ProjectAutoMichaelPakin.ProjectRun" name="Test28" time="31.749"/>
  <testcase classname="ProjectAutoMichaelPakin.ProjectRun" name="Test29" time="5.084"/>
  <testcase classname="ProjectAutoMichaelPakin.ProjectRun" name="Test30" time="70.916"/>
  <testcase classname="ProjectAutoMichaelPakin.ProjectRun" name="Test16" time="0.0">
    <ignored/>
  </testcase> <!-- Test16 -->
  <testcase classname="ProjectAutoMichaelPakin.ProjectRun" name="Test06" time="0.0">
    <ignored/>
  </testcase> <!-- Test06 -->
  <testcase classname="ProjectAutoMichaelPakin.ProjectRun" name="Test18" time="0.0">
    <ignored/>
  </testcase> <!-- Test18 -->
  <testcase classname="ProjectAutoMichaelPakin.ProjectRun" name="Test08" time="0.0">
    <ignored/>
  </testcase> <!-- Test08 -->
  <testcase classname="ProjectAutoMichaelPakin.ProjectRun" name="Test20" time="0.0">
    <ignored/>
  </testcase> <!-- Test20 -->
  <testcase classname="ProjectAutoMichaelPakin.ProjectRun" name="Test10" time="0.0">
    <ignored/>
  </testcase> <!-- Test10 -->
  <testcase classname="ProjectAutoMichaelPakin.ProjectRun" name="Test22" time="0.0">
    <ignored/>
  </testcase> <!-- Test22 -->
  <testcase classname="ProjectAutoMichaelPakin.ProjectRun" name="Test12" time="0.0">
    <ignored/>
  </testcase> <!-- Test12 -->
  <testcase classname="ProjectAutoMichaelPakin.ProjectRun" name="Test24" time="0.0">
    <ignored/>
  </testcase> <!-- Test24 -->
  <testcase classname="ProjectAutoMichaelPakin.ProjectRun" name="Test02" time="0.0">
    <ignored/>
  </testcase> <!-- Test02 -->
  <testcase classname="ProjectAutoMichaelPakin.ProjectRun" name="Test14" time="0.0">
    <ignored/>
  </testcase> <!-- Test14 -->
  <testcase classname="ProjectAutoMichaelPakin.ProjectRun" name="Test26" time="0.0">
    <ignored/>
  </testcase> <!-- Test26 -->
  <testcase classname="ProjectAutoMichaelPakin.ProjectRun" name="Test04" time="0.0">
    <ignored/>
  </testcase> <!-- Test04 -->
  <testcase classname="ProjectAutoMichaelPakin.ProjectRun" name="Test05" time="0.0">
    <ignored/>
  </testcase> <!-- Test05 -->
  <testcase classname="ProjectAutoMichaelPakin.ProjectRun" name="Test17" time="0.0">
    <ignored/>
  </testcase> <!-- Test17 -->
  <testcase classname="ProjectAutoMichaelPakin.ProjectRun" name="Test07" time="0.0">
    <ignored/>
  </testcase> <!-- Test07 -->
  <testcase classname="ProjectAutoMichaelPakin.ProjectRun" name="Test19" time="0.0">
    <ignored/>
  </testcase> <!-- Test19 -->
  <testcase classname="ProjectAutoMichaelPakin.ProjectRun" name="Test09" time="0.0">
    <ignored/>
  </testcase> <!-- Test09 -->
  <testcase classname="ProjectAutoMichaelPakin.ProjectRun" name="Test21" time="0.0">
    <ignored/>
  </testcase> <!-- Test21 -->
  <testcase classname="ProjectAutoMichaelPakin.ProjectRun" name="Test11" time="0.0">
    <ignored/>
  </testcase> <!-- Test11 -->
  <testcase classname="ProjectAutoMichaelPakin.ProjectRun" name="Test23" time="0.0">
    <ignored/>
  </testcase> <!-- Test23 -->
  <testcase classname="ProjectAutoMichaelPakin.ProjectRun" name="Test01" time="0.0">
    <ignored/>
  </testcase> <!-- Test01 -->
  <testcase classname="ProjectAutoMichaelPakin.ProjectRun" name="Test13" time="0.0">
    <ignored/>
  </testcase> <!-- Test13 -->
  <testcase classname="ProjectAutoMichaelPakin.ProjectRun" name="Test25" time="0.0">
    <ignored/>
  </testcase> <!-- Test25 -->
  <testcase classname="ProjectAutoMichaelPakin.ProjectRun" name="Test03" time="0.0">
    <ignored/>
  </testcase> <!-- Test03 -->
  <testcase classname="ProjectAutoMichaelPakin.ProjectRun" name="Test15" time="0.0">
    <ignored/>
  </testcase> <!-- Test15 -->
</testsuite> <!-- Command line test -->
